<?xml version="1.0" encoding="UTF-8"?>
<!-- Generated by org.testng.reporters.JUnitXMLReporter -->
<testsuite ignored="0" hostname="DESKTOP-RNIOPJD" failures="0" tests="3" name="Test" time="21.965" errors="0" timestamp="2025-09-28T15:38:06 IST">
  <testcase classname="Com_Para_TestCases.Tc_01_Login_Ada" name="loginTest" time="6.663"/>
  <testcase classname="Com_Para_TestCases.Tc_01_Login_Ada" name="loginTest" time="7.223"/>
  <testcase classname="Com_Para_TestCases.Tc_01_Login_Ada" name="loginTest" time="7.269"/>
</testsuite> <!-- Test -->
