<?xml version="1.0" encoding="UTF-8"?>
<testng-results ignored="0" total="3" passed="3" failed="0" skipped="0">
  <reporter-output>
  </reporter-output>
  <suite started-at="2025-09-28T15:37:44 IST" name="Suite" finished-at="2025-09-28T15:38:06 IST" duration-ms="21965">
    <groups>
    </groups>
    <test started-at="2025-09-28T15:37:44 IST" name="Test" finished-at="2025-09-28T15:38:06 IST" duration-ms="21965">
      <class name="Com_Para_TestCases.Tc_01_Login_Ada">
        <test-method is-config="true" signature="openApplication(java.lang.String,java.lang.String)[pri:0, instance:Com_Para_TestCases.Tc_01_Login_Ada@55183b20]" started-at="2025-09-28T15:37:39 IST" name="openApplication" finished-at="2025-09-28T15:37:44 IST" duration-ms="4731" status="PASS">
          <params>
            <param index="0">
              <value>
                <![CDATA[chrome]]>
              </value>
            </param>
            <param index="1">
              <value>
                <![CDATA[http://adactinhotelapp.com/]]>
              </value>
            </param>
          </params>
          <reporter-output>
          </reporter-output>
        </test-method> <!-- openApplication -->
        <test-method signature="loginTest(java.lang.String,java.lang.String)[pri:0, instance:Com_Para_TestCases.Tc_01_Login_Ada@55183b20]" started-at="2025-09-28T15:37:45 IST" name="loginTest" data-provider="Ada_LoginData" finished-at="2025-09-28T15:37:51 IST" duration-ms="6663" status="PASS">
          <params>
            <param index="0">
              <value>
                <![CDATA[Sharath01]]>
              </value>
            </param>
            <param index="1">
              <value>
                <![CDATA[Sharath@12]]>
              </value>
            </param>
          </params>
          <reporter-output>
          </reporter-output>
        </test-method> <!-- loginTest -->
        <test-method signature="loginTest(java.lang.String,java.lang.String)[pri:0, instance:Com_Para_TestCases.Tc_01_Login_Ada@55183b20]" started-at="2025-09-28T15:37:51 IST" name="loginTest" data-provider="Ada_LoginData" finished-at="2025-09-28T15:37:58 IST" duration-ms="7223" status="PASS">
          <params>
            <param index="0">
              <value>
                <![CDATA[Sharath02]]>
              </value>
            </param>
            <param index="1">
              <value>
                <![CDATA[Sharath#02]]>
              </value>
            </param>
          </params>
          <reporter-output>
          </reporter-output>
        </test-method> <!-- loginTest -->
        <test-method signature="loginTest(java.lang.String,java.lang.String)[pri:0, instance:Com_Para_TestCases.Tc_01_Login_Ada@55183b20]" started-at="2025-09-28T15:37:58 IST" name="loginTest" data-provider="Ada_LoginData" finished-at="2025-09-28T15:38:06 IST" duration-ms="7269" status="PASS">
          <params>
            <param index="0">
              <value>
                <![CDATA[Sharath12]]>
              </value>
            </param>
            <param index="1">
              <value>
                <![CDATA[G7XJ03]]>
              </value>
            </param>
          </params>
          <reporter-output>
          </reporter-output>
        </test-method> <!-- loginTest -->
        <test-method is-config="true" signature="closeApplication()[pri:0, instance:Com_Para_TestCases.Tc_01_Login_Ada@55183b20]" started-at="2025-09-28T15:38:06 IST" name="closeApplication" finished-at="2025-09-28T15:38:06 IST" duration-ms="124" status="PASS">
          <reporter-output>
          </reporter-output>
        </test-method> <!-- closeApplication -->
      </class> <!-- Com_Para_TestCases.Tc_01_Login_Ada -->
    </test> <!-- Test -->
  </suite> <!-- Suite -->
</testng-results>
